  Image ProcDoc.cpp
c:\users\user\documents\visual studio 2015\projects\image proc\image proc\image procdoc.cpp(936): warning C4244: '=': 'double'에서 'unsigned char'(으)로 변환하면서 데이터가 손실될 수 있습니다.
c:\users\user\documents\visual studio 2015\projects\image proc\image proc\image procdoc.cpp(973): warning C4244: '=': 'double'에서 'unsigned char'(으)로 변환하면서 데이터가 손실될 수 있습니다.
c:\users\user\documents\visual studio 2015\projects\image proc\image proc\image procdoc.cpp(974): warning C4244: '=': 'double'에서 'unsigned char'(으)로 변환하면서 데이터가 손실될 수 있습니다.
c:\users\user\documents\visual studio 2015\projects\image proc\image proc\image procdoc.cpp(975): warning C4244: '=': 'double'에서 'unsigned char'(으)로 변환하면서 데이터가 손실될 수 있습니다.
c:\users\user\documents\visual studio 2015\projects\image proc\image proc\image procdoc.cpp(1336): warning C4244: '초기화 중': 'double'에서 'int'(으)로 변환하면서 데이터가 손실될 수 있습니다.
c:\users\user\documents\visual studio 2015\projects\image proc\image proc\image procdoc.cpp(1349): warning C4244: '+=': 'double'에서 'int'(으)로 변환하면서 데이터가 손실될 수 있습니다.
c:\users\user\documents\visual studio 2015\projects\image proc\image proc\image procdoc.cpp(1394): warning C4244: '초기화 중': 'double'에서 'int'(으)로 변환하면서 데이터가 손실될 수 있습니다.
c:\users\user\documents\visual studio 2015\projects\image proc\image proc\image procdoc.cpp(1415): warning C4244: '+=': 'double'에서 'int'(으)로 변환하면서 데이터가 손실될 수 있습니다.
c:\users\user\documents\visual studio 2015\projects\image proc\image proc\image procdoc.cpp(1418): warning C4244: '+=': 'double'에서 'int'(으)로 변환하면서 데이터가 손실될 수 있습니다.
c:\users\user\documents\visual studio 2015\projects\image proc\image proc\image procdoc.cpp(1421): warning C4244: '+=': 'double'에서 'int'(으)로 변환하면서 데이터가 손실될 수 있습니다.
c:\users\user\documents\visual studio 2015\projects\image proc\image proc\image procdoc.cpp(1622): warning C4244: '=': 'double'에서 'float'(으)로 변환하면서 데이터가 손실될 수 있습니다.
c:\users\user\documents\visual studio 2015\projects\image proc\image proc\image procdoc.cpp(1718): warning C4244: '=': 'double'에서 'float'(으)로 변환하면서 데이터가 손실될 수 있습니다.
c:\users\user\documents\visual studio 2015\projects\image proc\image proc\image procdoc.cpp(1719): warning C4244: '=': 'double'에서 'float'(으)로 변환하면서 데이터가 손실될 수 있습니다.
c:\users\user\documents\visual studio 2015\projects\image proc\image proc\image procdoc.cpp(1720): warning C4244: '=': 'double'에서 'float'(으)로 변환하면서 데이터가 손실될 수 있습니다.
c:\users\user\documents\visual studio 2015\projects\image proc\image proc\image procdoc.cpp(1827): warning C4244: '=': 'double'에서 'float'(으)로 변환하면서 데이터가 손실될 수 있습니다.
c:\users\user\documents\visual studio 2015\projects\image proc\image proc\image procdoc.cpp(1923): warning C4244: '=': 'double'에서 'float'(으)로 변환하면서 데이터가 손실될 수 있습니다.
c:\users\user\documents\visual studio 2015\projects\image proc\image proc\image procdoc.cpp(1924): warning C4244: '=': 'double'에서 'float'(으)로 변환하면서 데이터가 손실될 수 있습니다.
c:\users\user\documents\visual studio 2015\projects\image proc\image proc\image procdoc.cpp(1925): warning C4244: '=': 'double'에서 'float'(으)로 변환하면서 데이터가 손실될 수 있습니다.
c:\users\user\documents\visual studio 2015\projects\image proc\image proc\image procdoc.cpp(2029): warning C4244: '=': 'double'에서 'float'(으)로 변환하면서 데이터가 손실될 수 있습니다.
c:\users\user\documents\visual studio 2015\projects\image proc\image proc\image procdoc.cpp(2122): warning C4244: '=': 'double'에서 'float'(으)로 변환하면서 데이터가 손실될 수 있습니다.
c:\users\user\documents\visual studio 2015\projects\image proc\image proc\image procdoc.cpp(2125): warning C4244: '=': 'double'에서 'float'(으)로 변환하면서 데이터가 손실될 수 있습니다.
c:\users\user\documents\visual studio 2015\projects\image proc\image proc\image procdoc.cpp(2128): warning C4244: '=': 'double'에서 'float'(으)로 변환하면서 데이터가 손실될 수 있습니다.
c:\users\user\documents\visual studio 2015\projects\image proc\image proc\image procdoc.cpp(2228): warning C4244: '+=': 'double'에서 'float'(으)로 변환하면서 데이터가 손실될 수 있습니다.
c:\users\user\documents\visual studio 2015\projects\image proc\image proc\image procdoc.cpp(2229): warning C4244: '+=': 'double'에서 'float'(으)로 변환하면서 데이터가 손실될 수 있습니다.
c:\users\user\documents\visual studio 2015\projects\image proc\image proc\image procdoc.cpp(2230): warning C4244: '+=': 'double'에서 'float'(으)로 변환하면서 데이터가 손실될 수 있습니다.
c:\users\user\documents\visual studio 2015\projects\image proc\image proc\image procdoc.cpp(2231): warning C4244: '+=': 'double'에서 'float'(으)로 변환하면서 데이터가 손실될 수 있습니다.
c:\users\user\documents\visual studio 2015\projects\image proc\image proc\image procdoc.cpp(2319): warning C4244: '+=': 'double'에서 'float'(으)로 변환하면서 데이터가 손실될 수 있습니다.
c:\users\user\documents\visual studio 2015\projects\image proc\image proc\image procdoc.cpp(2320): warning C4244: '+=': 'double'에서 'float'(으)로 변환하면서 데이터가 손실될 수 있습니다.
c:\users\user\documents\visual studio 2015\projects\image proc\image proc\image procdoc.cpp(2321): warning C4244: '+=': 'double'에서 'float'(으)로 변환하면서 데이터가 손실될 수 있습니다.
c:\users\user\documents\visual studio 2015\projects\image proc\image proc\image procdoc.cpp(2322): warning C4244: '+=': 'double'에서 'float'(으)로 변환하면서 데이터가 손실될 수 있습니다.
c:\users\user\documents\visual studio 2015\projects\image proc\image proc\image procdoc.cpp(2324): warning C4244: '+=': 'double'에서 'float'(으)로 변환하면서 데이터가 손실될 수 있습니다.
c:\users\user\documents\visual studio 2015\projects\image proc\image proc\image procdoc.cpp(2325): warning C4244: '+=': 'double'에서 'float'(으)로 변환하면서 데이터가 손실될 수 있습니다.
c:\users\user\documents\visual studio 2015\projects\image proc\image proc\image procdoc.cpp(2326): warning C4244: '+=': 'double'에서 'float'(으)로 변환하면서 데이터가 손실될 수 있습니다.
c:\users\user\documents\visual studio 2015\projects\image proc\image proc\image procdoc.cpp(2327): warning C4244: '+=': 'double'에서 'float'(으)로 변환하면서 데이터가 손실될 수 있습니다.
c:\users\user\documents\visual studio 2015\projects\image proc\image proc\image procdoc.cpp(2329): warning C4244: '+=': 'double'에서 'float'(으)로 변환하면서 데이터가 손실될 수 있습니다.
c:\users\user\documents\visual studio 2015\projects\image proc\image proc\image procdoc.cpp(2330): warning C4244: '+=': 'double'에서 'float'(으)로 변환하면서 데이터가 손실될 수 있습니다.
c:\users\user\documents\visual studio 2015\projects\image proc\image proc\image procdoc.cpp(2331): warning C4244: '+=': 'double'에서 'float'(으)로 변환하면서 데이터가 손실될 수 있습니다.
c:\users\user\documents\visual studio 2015\projects\image proc\image proc\image procdoc.cpp(2332): warning C4244: '+=': 'double'에서 'float'(으)로 변환하면서 데이터가 손실될 수 있습니다.
c:\users\user\documents\visual studio 2015\projects\image proc\image proc\image procdoc.cpp(2438): warning C4244: '=': 'double'에서 'float'(으)로 변환하면서 데이터가 손실될 수 있습니다.
c:\users\user\documents\visual studio 2015\projects\image proc\image proc\image procdoc.cpp(2534): warning C4244: '=': 'double'에서 'float'(으)로 변환하면서 데이터가 손실될 수 있습니다.
c:\users\user\documents\visual studio 2015\projects\image proc\image proc\image procdoc.cpp(2535): warning C4244: '=': 'double'에서 'float'(으)로 변환하면서 데이터가 손실될 수 있습니다.
c:\users\user\documents\visual studio 2015\projects\image proc\image proc\image procdoc.cpp(2536): warning C4244: '=': 'double'에서 'float'(으)로 변환하면서 데이터가 손실될 수 있습니다.
c:\users\user\documents\visual studio 2015\projects\image proc\image proc\image procdoc.cpp(2643): warning C4244: '=': 'double'에서 'float'(으)로 변환하면서 데이터가 손실될 수 있습니다.
c:\users\user\documents\visual studio 2015\projects\image proc\image proc\image procdoc.cpp(2739): warning C4244: '=': 'double'에서 'float'(으)로 변환하면서 데이터가 손실될 수 있습니다.
c:\users\user\documents\visual studio 2015\projects\image proc\image proc\image procdoc.cpp(2740): warning C4244: '=': 'double'에서 'float'(으)로 변환하면서 데이터가 손실될 수 있습니다.
c:\users\user\documents\visual studio 2015\projects\image proc\image proc\image procdoc.cpp(2741): warning C4244: '=': 'double'에서 'float'(으)로 변환하면서 데이터가 손실될 수 있습니다.
c:\users\user\documents\visual studio 2015\projects\image proc\image proc\image procdoc.cpp(2848): warning C4244: '=': 'double'에서 'float'(으)로 변환하면서 데이터가 손실될 수 있습니다.
c:\users\user\documents\visual studio 2015\projects\image proc\image proc\image procdoc.cpp(2944): warning C4244: '=': 'double'에서 'float'(으)로 변환하면서 데이터가 손실될 수 있습니다.
c:\users\user\documents\visual studio 2015\projects\image proc\image proc\image procdoc.cpp(2945): warning C4244: '=': 'double'에서 'float'(으)로 변환하면서 데이터가 손실될 수 있습니다.
c:\users\user\documents\visual studio 2015\projects\image proc\image proc\image procdoc.cpp(2946): warning C4244: '=': 'double'에서 'float'(으)로 변환하면서 데이터가 손실될 수 있습니다.
c:\users\user\documents\visual studio 2015\projects\image proc\image proc\image procdoc.cpp(3053): warning C4244: '=': 'double'에서 'float'(으)로 변환하면서 데이터가 손실될 수 있습니다.
c:\users\user\documents\visual studio 2015\projects\image proc\image proc\image procdoc.cpp(3149): warning C4244: '=': 'double'에서 'float'(으)로 변환하면서 데이터가 손실될 수 있습니다.
c:\users\user\documents\visual studio 2015\projects\image proc\image proc\image procdoc.cpp(3150): warning C4244: '=': 'double'에서 'float'(으)로 변환하면서 데이터가 손실될 수 있습니다.
c:\users\user\documents\visual studio 2015\projects\image proc\image proc\image procdoc.cpp(3151): warning C4244: '=': 'double'에서 'float'(으)로 변환하면서 데이터가 손실될 수 있습니다.
c:\users\user\documents\visual studio 2015\projects\image proc\image proc\image procdoc.cpp(3258): warning C4244: '=': 'double'에서 'float'(으)로 변환하면서 데이터가 손실될 수 있습니다.
c:\users\user\documents\visual studio 2015\projects\image proc\image proc\image procdoc.cpp(3354): warning C4244: '=': 'double'에서 'float'(으)로 변환하면서 데이터가 손실될 수 있습니다.
c:\users\user\documents\visual studio 2015\projects\image proc\image proc\image procdoc.cpp(3355): warning C4244: '=': 'double'에서 'float'(으)로 변환하면서 데이터가 손실될 수 있습니다.
c:\users\user\documents\visual studio 2015\projects\image proc\image proc\image procdoc.cpp(3356): warning C4244: '=': 'double'에서 'float'(으)로 변환하면서 데이터가 손실될 수 있습니다.
c:\users\user\documents\visual studio 2015\projects\image proc\image proc\image procdoc.cpp(3463): warning C4244: '=': 'double'에서 'float'(으)로 변환하면서 데이터가 손실될 수 있습니다.
c:\users\user\documents\visual studio 2015\projects\image proc\image proc\image procdoc.cpp(3559): warning C4244: '=': 'double'에서 'float'(으)로 변환하면서 데이터가 손실될 수 있습니다.
c:\users\user\documents\visual studio 2015\projects\image proc\image proc\image procdoc.cpp(3560): warning C4244: '=': 'double'에서 'float'(으)로 변환하면서 데이터가 손실될 수 있습니다.
c:\users\user\documents\visual studio 2015\projects\image proc\image proc\image procdoc.cpp(3561): warning C4244: '=': 'double'에서 'float'(으)로 변환하면서 데이터가 손실될 수 있습니다.
c:\users\user\documents\visual studio 2015\projects\image proc\image proc\image procdoc.cpp(3668): warning C4244: '=': 'double'에서 'float'(으)로 변환하면서 데이터가 손실될 수 있습니다.
c:\users\user\documents\visual studio 2015\projects\image proc\image proc\image procdoc.cpp(3764): warning C4244: '=': 'double'에서 'float'(으)로 변환하면서 데이터가 손실될 수 있습니다.
c:\users\user\documents\visual studio 2015\projects\image proc\image proc\image procdoc.cpp(3765): warning C4244: '=': 'double'에서 'float'(으)로 변환하면서 데이터가 손실될 수 있습니다.
c:\users\user\documents\visual studio 2015\projects\image proc\image proc\image procdoc.cpp(3766): warning C4244: '=': 'double'에서 'float'(으)로 변환하면서 데이터가 손실될 수 있습니다.
c:\users\user\documents\visual studio 2015\projects\image proc\image proc\image procdoc.cpp(3873): warning C4244: '=': 'double'에서 'float'(으)로 변환하면서 데이터가 손실될 수 있습니다.
c:\users\user\documents\visual studio 2015\projects\image proc\image proc\image procdoc.cpp(3969): warning C4244: '=': 'double'에서 'float'(으)로 변환하면서 데이터가 손실될 수 있습니다.
c:\users\user\documents\visual studio 2015\projects\image proc\image proc\image procdoc.cpp(3970): warning C4244: '=': 'double'에서 'float'(으)로 변환하면서 데이터가 손실될 수 있습니다.
c:\users\user\documents\visual studio 2015\projects\image proc\image proc\image procdoc.cpp(3971): warning C4244: '=': 'double'에서 'float'(으)로 변환하면서 데이터가 손실될 수 있습니다.
c:\users\user\documents\visual studio 2015\projects\image proc\image proc\image procdoc.cpp(4078): warning C4244: '=': 'double'에서 'float'(으)로 변환하면서 데이터가 손실될 수 있습니다.
c:\users\user\documents\visual studio 2015\projects\image proc\image proc\image procdoc.cpp(4174): warning C4244: '=': 'double'에서 'float'(으)로 변환하면서 데이터가 손실될 수 있습니다.
c:\users\user\documents\visual studio 2015\projects\image proc\image proc\image procdoc.cpp(4175): warning C4244: '=': 'double'에서 'float'(으)로 변환하면서 데이터가 손실될 수 있습니다.
c:\users\user\documents\visual studio 2015\projects\image proc\image proc\image procdoc.cpp(4176): warning C4244: '=': 'double'에서 'float'(으)로 변환하면서 데이터가 손실될 수 있습니다.
c:\users\user\documents\visual studio 2015\projects\image proc\image proc\image procdoc.cpp(4283): warning C4244: '=': 'double'에서 'float'(으)로 변환하면서 데이터가 손실될 수 있습니다.
c:\users\user\documents\visual studio 2015\projects\image proc\image proc\image procdoc.cpp(4379): warning C4244: '=': 'double'에서 'float'(으)로 변환하면서 데이터가 손실될 수 있습니다.
c:\users\user\documents\visual studio 2015\projects\image proc\image proc\image procdoc.cpp(4380): warning C4244: '=': 'double'에서 'float'(으)로 변환하면서 데이터가 손실될 수 있습니다.
c:\users\user\documents\visual studio 2015\projects\image proc\image proc\image procdoc.cpp(4381): warning C4244: '=': 'double'에서 'float'(으)로 변환하면서 데이터가 손실될 수 있습니다.
c:\users\user\documents\visual studio 2015\projects\image proc\image proc\image procdoc.cpp(1812): warning C4700: 초기화되지 않은 'tempInput' 지역 변수를 사용했습니다.
c:\users\user\documents\visual studio 2015\projects\image proc\image proc\image procdoc.cpp(1813): warning C4700: 초기화되지 않은 'tempOutput' 지역 변수를 사용했습니다.
c:\users\user\documents\visual studio 2015\projects\image proc\image proc\image procdoc.cpp(1901): warning C4700: 초기화되지 않은 'tempInput_R' 지역 변수를 사용했습니다.
c:\users\user\documents\visual studio 2015\projects\image proc\image proc\image procdoc.cpp(1902): warning C4700: 초기화되지 않은 'tempInput_G' 지역 변수를 사용했습니다.
c:\users\user\documents\visual studio 2015\projects\image proc\image proc\image procdoc.cpp(1903): warning C4700: 초기화되지 않은 'tempInput_B' 지역 변수를 사용했습니다.
c:\users\user\documents\visual studio 2015\projects\image proc\image proc\image procdoc.cpp(1905): warning C4700: 초기화되지 않은 'tempOutput_R' 지역 변수를 사용했습니다.
c:\users\user\documents\visual studio 2015\projects\image proc\image proc\image procdoc.cpp(1906): warning C4700: 초기화되지 않은 'tempOutput_G' 지역 변수를 사용했습니다.
c:\users\user\documents\visual studio 2015\projects\image proc\image proc\image procdoc.cpp(1907): warning C4700: 초기화되지 않은 'tempOutput_B' 지역 변수를 사용했습니다.
c:\users\user\documents\visual studio 2015\projects\image proc\image proc\image procdoc.cpp(1607): warning C4700: 초기화되지 않은 'tempInput' 지역 변수를 사용했습니다.
c:\users\user\documents\visual studio 2015\projects\image proc\image proc\image procdoc.cpp(1608): warning C4700: 초기화되지 않은 'tempOutput' 지역 변수를 사용했습니다.
c:\users\user\documents\visual studio 2015\projects\image proc\image proc\image procdoc.cpp(1696): warning C4700: 초기화되지 않은 'tempInput_R' 지역 변수를 사용했습니다.
c:\users\user\documents\visual studio 2015\projects\image proc\image proc\image procdoc.cpp(1697): warning C4700: 초기화되지 않은 'tempInput_G' 지역 변수를 사용했습니다.
c:\users\user\documents\visual studio 2015\projects\image proc\image proc\image procdoc.cpp(1698): warning C4700: 초기화되지 않은 'tempInput_B' 지역 변수를 사용했습니다.
c:\users\user\documents\visual studio 2015\projects\image proc\image proc\image procdoc.cpp(1700): warning C4700: 초기화되지 않은 'tempOutput_R' 지역 변수를 사용했습니다.
c:\users\user\documents\visual studio 2015\projects\image proc\image proc\image procdoc.cpp(1701): warning C4700: 초기화되지 않은 'tempOutput_G' 지역 변수를 사용했습니다.
c:\users\user\documents\visual studio 2015\projects\image proc\image proc\image procdoc.cpp(1702): warning C4700: 초기화되지 않은 'tempOutput_B' 지역 변수를 사용했습니다.
c:\users\user\documents\visual studio 2015\projects\image proc\image proc\image procdoc.cpp(2013): warning C4700: 초기화되지 않은 'tempInput' 지역 변수를 사용했습니다.
c:\users\user\documents\visual studio 2015\projects\image proc\image proc\image procdoc.cpp(2014): warning C4700: 초기화되지 않은 'tempOutput' 지역 변수를 사용했습니다.
c:\users\user\documents\visual studio 2015\projects\image proc\image proc\image procdoc.cpp(2099): warning C4700: 초기화되지 않은 'tempInput_R' 지역 변수를 사용했습니다.
c:\users\user\documents\visual studio 2015\projects\image proc\image proc\image procdoc.cpp(2100): warning C4700: 초기화되지 않은 'tempInput_G' 지역 변수를 사용했습니다.
c:\users\user\documents\visual studio 2015\projects\image proc\image proc\image procdoc.cpp(2101): warning C4700: 초기화되지 않은 'tempInput_B' 지역 변수를 사용했습니다.
c:\users\user\documents\visual studio 2015\projects\image proc\image proc\image procdoc.cpp(2103): warning C4700: 초기화되지 않은 'tempOutput_R' 지역 변수를 사용했습니다.
c:\users\user\documents\visual studio 2015\projects\image proc\image proc\image procdoc.cpp(2104): warning C4700: 초기화되지 않은 'tempOutput_G' 지역 변수를 사용했습니다.
c:\users\user\documents\visual studio 2015\projects\image proc\image proc\image procdoc.cpp(2105): warning C4700: 초기화되지 않은 'tempOutput_B' 지역 변수를 사용했습니다.
c:\users\user\documents\visual studio 2015\projects\image proc\image proc\image procdoc.cpp(2215): warning C4700: 초기화되지 않은 'tempInput' 지역 변수를 사용했습니다.
c:\users\user\documents\visual studio 2015\projects\image proc\image proc\image procdoc.cpp(2216): warning C4700: 초기화되지 않은 'tempOutput' 지역 변수를 사용했습니다.
c:\users\user\documents\visual studio 2015\projects\image proc\image proc\image procdoc.cpp(2299): warning C4700: 초기화되지 않은 'tempInput_R' 지역 변수를 사용했습니다.
c:\users\user\documents\visual studio 2015\projects\image proc\image proc\image procdoc.cpp(2300): warning C4700: 초기화되지 않은 'tempInput_G' 지역 변수를 사용했습니다.
c:\users\user\documents\visual studio 2015\projects\image proc\image proc\image procdoc.cpp(2301): warning C4700: 초기화되지 않은 'tempInput_B' 지역 변수를 사용했습니다.
c:\users\user\documents\visual studio 2015\projects\image proc\image proc\image procdoc.cpp(2303): warning C4700: 초기화되지 않은 'tempOutput_R' 지역 변수를 사용했습니다.
c:\users\user\documents\visual studio 2015\projects\image proc\image proc\image procdoc.cpp(2304): warning C4700: 초기화되지 않은 'tempOutput_G' 지역 변수를 사용했습니다.
c:\users\user\documents\visual studio 2015\projects\image proc\image proc\image procdoc.cpp(2305): warning C4700: 초기화되지 않은 'tempOutput_B' 지역 변수를 사용했습니다.
c:\users\user\documents\visual studio 2015\projects\image proc\image proc\image procdoc.cpp(2423): warning C4700: 초기화되지 않은 'tempInput' 지역 변수를 사용했습니다.
c:\users\user\documents\visual studio 2015\projects\image proc\image proc\image procdoc.cpp(2424): warning C4700: 초기화되지 않은 'tempOutput' 지역 변수를 사용했습니다.
c:\users\user\documents\visual studio 2015\projects\image proc\image proc\image procdoc.cpp(2512): warning C4700: 초기화되지 않은 'tempInput_R' 지역 변수를 사용했습니다.
c:\users\user\documents\visual studio 2015\projects\image proc\image proc\image procdoc.cpp(2513): warning C4700: 초기화되지 않은 'tempInput_G' 지역 변수를 사용했습니다.
c:\users\user\documents\visual studio 2015\projects\image proc\image proc\image procdoc.cpp(2514): warning C4700: 초기화되지 않은 'tempInput_B' 지역 변수를 사용했습니다.
c:\users\user\documents\visual studio 2015\projects\image proc\image proc\image procdoc.cpp(2516): warning C4700: 초기화되지 않은 'tempOutput_R' 지역 변수를 사용했습니다.
c:\users\user\documents\visual studio 2015\projects\image proc\image proc\image procdoc.cpp(2517): warning C4700: 초기화되지 않은 'tempOutput_G' 지역 변수를 사용했습니다.
c:\users\user\documents\visual studio 2015\projects\image proc\image proc\image procdoc.cpp(2518): warning C4700: 초기화되지 않은 'tempOutput_B' 지역 변수를 사용했습니다.
c:\users\user\documents\visual studio 2015\projects\image proc\image proc\image procdoc.cpp(2628): warning C4700: 초기화되지 않은 'tempInput' 지역 변수를 사용했습니다.
c:\users\user\documents\visual studio 2015\projects\image proc\image proc\image procdoc.cpp(2629): warning C4700: 초기화되지 않은 'tempOutput' 지역 변수를 사용했습니다.
c:\users\user\documents\visual studio 2015\projects\image proc\image proc\image procdoc.cpp(2717): warning C4700: 초기화되지 않은 'tempInput_R' 지역 변수를 사용했습니다.
c:\users\user\documents\visual studio 2015\projects\image proc\image proc\image procdoc.cpp(2718): warning C4700: 초기화되지 않은 'tempInput_G' 지역 변수를 사용했습니다.
c:\users\user\documents\visual studio 2015\projects\image proc\image proc\image procdoc.cpp(2719): warning C4700: 초기화되지 않은 'tempInput_B' 지역 변수를 사용했습니다.
c:\users\user\documents\visual studio 2015\projects\image proc\image proc\image procdoc.cpp(2721): warning C4700: 초기화되지 않은 'tempOutput_R' 지역 변수를 사용했습니다.
c:\users\user\documents\visual studio 2015\projects\image proc\image proc\image procdoc.cpp(2722): warning C4700: 초기화되지 않은 'tempOutput_G' 지역 변수를 사용했습니다.
c:\users\user\documents\visual studio 2015\projects\image proc\image proc\image procdoc.cpp(2723): warning C4700: 초기화되지 않은 'tempOutput_B' 지역 변수를 사용했습니다.
c:\users\user\documents\visual studio 2015\projects\image proc\image proc\image procdoc.cpp(3038): warning C4700: 초기화되지 않은 'tempInput' 지역 변수를 사용했습니다.
c:\users\user\documents\visual studio 2015\projects\image proc\image proc\image procdoc.cpp(3039): warning C4700: 초기화되지 않은 'tempOutput' 지역 변수를 사용했습니다.
c:\users\user\documents\visual studio 2015\projects\image proc\image proc\image procdoc.cpp(3127): warning C4700: 초기화되지 않은 'tempInput_R' 지역 변수를 사용했습니다.
c:\users\user\documents\visual studio 2015\projects\image proc\image proc\image procdoc.cpp(3128): warning C4700: 초기화되지 않은 'tempInput_G' 지역 변수를 사용했습니다.
c:\users\user\documents\visual studio 2015\projects\image proc\image proc\image procdoc.cpp(3129): warning C4700: 초기화되지 않은 'tempInput_B' 지역 변수를 사용했습니다.
c:\users\user\documents\visual studio 2015\projects\image proc\image proc\image procdoc.cpp(3131): warning C4700: 초기화되지 않은 'tempOutput_R' 지역 변수를 사용했습니다.
c:\users\user\documents\visual studio 2015\projects\image proc\image proc\image procdoc.cpp(3132): warning C4700: 초기화되지 않은 'tempOutput_G' 지역 변수를 사용했습니다.
c:\users\user\documents\visual studio 2015\projects\image proc\image proc\image procdoc.cpp(3133): warning C4700: 초기화되지 않은 'tempOutput_B' 지역 변수를 사용했습니다.
c:\users\user\documents\visual studio 2015\projects\image proc\image proc\image procdoc.cpp(2833): warning C4700: 초기화되지 않은 'tempInput' 지역 변수를 사용했습니다.
c:\users\user\documents\visual studio 2015\projects\image proc\image proc\image procdoc.cpp(2834): warning C4700: 초기화되지 않은 'tempOutput' 지역 변수를 사용했습니다.
c:\users\user\documents\visual studio 2015\projects\image proc\image proc\image procdoc.cpp(2922): warning C4700: 초기화되지 않은 'tempInput_R' 지역 변수를 사용했습니다.
c:\users\user\documents\visual studio 2015\projects\image proc\image proc\image procdoc.cpp(2923): warning C4700: 초기화되지 않은 'tempInput_G' 지역 변수를 사용했습니다.
c:\users\user\documents\visual studio 2015\projects\image proc\image proc\image procdoc.cpp(2924): warning C4700: 초기화되지 않은 'tempInput_B' 지역 변수를 사용했습니다.
c:\users\user\documents\visual studio 2015\projects\image proc\image proc\image procdoc.cpp(2926): warning C4700: 초기화되지 않은 'tempOutput_R' 지역 변수를 사용했습니다.
c:\users\user\documents\visual studio 2015\projects\image proc\image proc\image procdoc.cpp(2927): warning C4700: 초기화되지 않은 'tempOutput_G' 지역 변수를 사용했습니다.
c:\users\user\documents\visual studio 2015\projects\image proc\image proc\image procdoc.cpp(2928): warning C4700: 초기화되지 않은 'tempOutput_B' 지역 변수를 사용했습니다.
c:\users\user\documents\visual studio 2015\projects\image proc\image proc\image procdoc.cpp(3243): warning C4700: 초기화되지 않은 'tempInput' 지역 변수를 사용했습니다.
c:\users\user\documents\visual studio 2015\projects\image proc\image proc\image procdoc.cpp(3244): warning C4700: 초기화되지 않은 'tempOutput' 지역 변수를 사용했습니다.
c:\users\user\documents\visual studio 2015\projects\image proc\image proc\image procdoc.cpp(3332): warning C4700: 초기화되지 않은 'tempInput_R' 지역 변수를 사용했습니다.
c:\users\user\documents\visual studio 2015\projects\image proc\image proc\image procdoc.cpp(3333): warning C4700: 초기화되지 않은 'tempInput_G' 지역 변수를 사용했습니다.
c:\users\user\documents\visual studio 2015\projects\image proc\image proc\image procdoc.cpp(3334): warning C4700: 초기화되지 않은 'tempInput_B' 지역 변수를 사용했습니다.
c:\users\user\documents\visual studio 2015\projects\image proc\image proc\image procdoc.cpp(3336): warning C4700: 초기화되지 않은 'tempOutput_R' 지역 변수를 사용했습니다.
c:\users\user\documents\visual studio 2015\projects\image proc\image proc\image procdoc.cpp(3337): warning C4700: 초기화되지 않은 'tempOutput_G' 지역 변수를 사용했습니다.
c:\users\user\documents\visual studio 2015\projects\image proc\image proc\image procdoc.cpp(3338): warning C4700: 초기화되지 않은 'tempOutput_B' 지역 변수를 사용했습니다.
c:\users\user\documents\visual studio 2015\projects\image proc\image proc\image procdoc.cpp(3448): warning C4700: 초기화되지 않은 'tempInput' 지역 변수를 사용했습니다.
c:\users\user\documents\visual studio 2015\projects\image proc\image proc\image procdoc.cpp(3449): warning C4700: 초기화되지 않은 'tempOutput' 지역 변수를 사용했습니다.
c:\users\user\documents\visual studio 2015\projects\image proc\image proc\image procdoc.cpp(3537): warning C4700: 초기화되지 않은 'tempInput_R' 지역 변수를 사용했습니다.
c:\users\user\documents\visual studio 2015\projects\image proc\image proc\image procdoc.cpp(3538): warning C4700: 초기화되지 않은 'tempInput_G' 지역 변수를 사용했습니다.
c:\users\user\documents\visual studio 2015\projects\image proc\image proc\image procdoc.cpp(3539): warning C4700: 초기화되지 않은 'tempInput_B' 지역 변수를 사용했습니다.
c:\users\user\documents\visual studio 2015\projects\image proc\image proc\image procdoc.cpp(3541): warning C4700: 초기화되지 않은 'tempOutput_R' 지역 변수를 사용했습니다.
c:\users\user\documents\visual studio 2015\projects\image proc\image proc\image procdoc.cpp(3542): warning C4700: 초기화되지 않은 'tempOutput_G' 지역 변수를 사용했습니다.
c:\users\user\documents\visual studio 2015\projects\image proc\image proc\image procdoc.cpp(3543): warning C4700: 초기화되지 않은 'tempOutput_B' 지역 변수를 사용했습니다.
c:\users\user\documents\visual studio 2015\projects\image proc\image proc\image procdoc.cpp(3653): warning C4700: 초기화되지 않은 'tempInput' 지역 변수를 사용했습니다.
c:\users\user\documents\visual studio 2015\projects\image proc\image proc\image procdoc.cpp(3654): warning C4700: 초기화되지 않은 'tempOutput' 지역 변수를 사용했습니다.
c:\users\user\documents\visual studio 2015\projects\image proc\image proc\image procdoc.cpp(3742): warning C4700: 초기화되지 않은 'tempInput_R' 지역 변수를 사용했습니다.
c:\users\user\documents\visual studio 2015\projects\image proc\image proc\image procdoc.cpp(3743): warning C4700: 초기화되지 않은 'tempInput_G' 지역 변수를 사용했습니다.
c:\users\user\documents\visual studio 2015\projects\image proc\image proc\image procdoc.cpp(3744): warning C4700: 초기화되지 않은 'tempInput_B' 지역 변수를 사용했습니다.
c:\users\user\documents\visual studio 2015\projects\image proc\image proc\image procdoc.cpp(3746): warning C4700: 초기화되지 않은 'tempOutput_R' 지역 변수를 사용했습니다.
c:\users\user\documents\visual studio 2015\projects\image proc\image proc\image procdoc.cpp(3747): warning C4700: 초기화되지 않은 'tempOutput_G' 지역 변수를 사용했습니다.
c:\users\user\documents\visual studio 2015\projects\image proc\image proc\image procdoc.cpp(3748): warning C4700: 초기화되지 않은 'tempOutput_B' 지역 변수를 사용했습니다.
c:\users\user\documents\visual studio 2015\projects\image proc\image proc\image procdoc.cpp(3858): warning C4700: 초기화되지 않은 'tempInput' 지역 변수를 사용했습니다.
c:\users\user\documents\visual studio 2015\projects\image proc\image proc\image procdoc.cpp(3859): warning C4700: 초기화되지 않은 'tempOutput' 지역 변수를 사용했습니다.
c:\users\user\documents\visual studio 2015\projects\image proc\image proc\image procdoc.cpp(3947): warning C4700: 초기화되지 않은 'tempInput_R' 지역 변수를 사용했습니다.
c:\users\user\documents\visual studio 2015\projects\image proc\image proc\image procdoc.cpp(3948): warning C4700: 초기화되지 않은 'tempInput_G' 지역 변수를 사용했습니다.
c:\users\user\documents\visual studio 2015\projects\image proc\image proc\image procdoc.cpp(3949): warning C4700: 초기화되지 않은 'tempInput_B' 지역 변수를 사용했습니다.
c:\users\user\documents\visual studio 2015\projects\image proc\image proc\image procdoc.cpp(3951): warning C4700: 초기화되지 않은 'tempOutput_R' 지역 변수를 사용했습니다.
c:\users\user\documents\visual studio 2015\projects\image proc\image proc\image procdoc.cpp(3952): warning C4700: 초기화되지 않은 'tempOutput_G' 지역 변수를 사용했습니다.
c:\users\user\documents\visual studio 2015\projects\image proc\image proc\image procdoc.cpp(3953): warning C4700: 초기화되지 않은 'tempOutput_B' 지역 변수를 사용했습니다.
c:\users\user\documents\visual studio 2015\projects\image proc\image proc\image procdoc.cpp(4063): warning C4700: 초기화되지 않은 'tempInput' 지역 변수를 사용했습니다.
c:\users\user\documents\visual studio 2015\projects\image proc\image proc\image procdoc.cpp(4064): warning C4700: 초기화되지 않은 'tempOutput' 지역 변수를 사용했습니다.
c:\users\user\documents\visual studio 2015\projects\image proc\image proc\image procdoc.cpp(4152): warning C4700: 초기화되지 않은 'tempInput_R' 지역 변수를 사용했습니다.
c:\users\user\documents\visual studio 2015\projects\image proc\image proc\image procdoc.cpp(4153): warning C4700: 초기화되지 않은 'tempInput_G' 지역 변수를 사용했습니다.
c:\users\user\documents\visual studio 2015\projects\image proc\image proc\image procdoc.cpp(4154): warning C4700: 초기화되지 않은 'tempInput_B' 지역 변수를 사용했습니다.
c:\users\user\documents\visual studio 2015\projects\image proc\image proc\image procdoc.cpp(4156): warning C4700: 초기화되지 않은 'tempOutput_R' 지역 변수를 사용했습니다.
c:\users\user\documents\visual studio 2015\projects\image proc\image proc\image procdoc.cpp(4157): warning C4700: 초기화되지 않은 'tempOutput_G' 지역 변수를 사용했습니다.
c:\users\user\documents\visual studio 2015\projects\image proc\image proc\image procdoc.cpp(4158): warning C4700: 초기화되지 않은 'tempOutput_B' 지역 변수를 사용했습니다.
c:\users\user\documents\visual studio 2015\projects\image proc\image proc\image procdoc.cpp(4268): warning C4700: 초기화되지 않은 'tempInput' 지역 변수를 사용했습니다.
c:\users\user\documents\visual studio 2015\projects\image proc\image proc\image procdoc.cpp(4269): warning C4700: 초기화되지 않은 'tempOutput' 지역 변수를 사용했습니다.
c:\users\user\documents\visual studio 2015\projects\image proc\image proc\image procdoc.cpp(4357): warning C4700: 초기화되지 않은 'tempInput_R' 지역 변수를 사용했습니다.
c:\users\user\documents\visual studio 2015\projects\image proc\image proc\image procdoc.cpp(4358): warning C4700: 초기화되지 않은 'tempInput_G' 지역 변수를 사용했습니다.
c:\users\user\documents\visual studio 2015\projects\image proc\image proc\image procdoc.cpp(4359): warning C4700: 초기화되지 않은 'tempInput_B' 지역 변수를 사용했습니다.
c:\users\user\documents\visual studio 2015\projects\image proc\image proc\image procdoc.cpp(4361): warning C4700: 초기화되지 않은 'tempOutput_R' 지역 변수를 사용했습니다.
c:\users\user\documents\visual studio 2015\projects\image proc\image proc\image procdoc.cpp(4362): warning C4700: 초기화되지 않은 'tempOutput_G' 지역 변수를 사용했습니다.
c:\users\user\documents\visual studio 2015\projects\image proc\image proc\image procdoc.cpp(4363): warning C4700: 초기화되지 않은 'tempOutput_B' 지역 변수를 사용했습니다.
  Image Proc.vcxproj -> C:\Users\user\Documents\Visual Studio 2015\Projects\Image Proc\Debug\Image Proc.exe
  Image Proc.vcxproj -> C:\Users\user\Documents\Visual Studio 2015\Projects\Image Proc\Debug\Image Proc.pdb (Partial PDB)
